#
# A fatal error has been detected by the Java Runtime Environment:
#
#  SIGSEGV (0xb) at pc=0x00007fac091165b7, pid=9465, tid=0x00007fabd81fa700
#
# JRE version: Java(TM) SE Runtime Environment (8.0_201-b09) (build 1.8.0_201-b09)
# Java VM: Java HotSpot(TM) 64-Bit Server VM (25.201-b09 mixed mode linux-amd64 compressed oops)
# Problematic frame:
# v  ~BufferBlob::vtable chunks
#
# Failed to write core dump. Core dumps have been disabled. To enable core dumping, try "ulimit -c unlimited" before starting Java again
#
# If you would like to submit a bug report, please visit:
#   http://bugreport.java.com/bugreport/crash.jsp
#

---------------  T H R E A D  ---------------

Current thread (0x00007fabb50bf000):  JavaThread "File Watcher" daemon [_thread_in_Java, id=9542, stack(0x00007fabd80fa000,0x00007fabd81fb000)]

siginfo: si_signo: 11 (SIGSEGV), si_code: 1 (SEGV_MAPERR), si_addr: 0x00000003007e3c08

Registers:
RAX=0x00000003007e3a38, RBX=0x00007fac04b6a740, RCX=0x0000000000000053, RDX=0x00000000d7210578
RSP=0x00007fabd81f9658, RBP=0x00007fabd81f99d0, RSI=0x00000000d7210578, RDI=0x00007fac1cab2000
R8 =0x0000000000000073, R9 =0x0000000000000073, R10=0x00000000d7211700, R11=0x0000000000000208
R12=0x0000000000000000, R13=0x000000008666f1a8, R14=0x00007fabd81f9900, R15=0x00007fabb50bf000
RIP=0x00007fac091165b7, EFLAGS=0x0000000000010202, CSGSFS=0x002b000000000033, ERR=0x0000000000000004
  TRAPNO=0x000000000000000e

Top of Stack: (sp=0x00007fabd81f9658)
0x00007fabd81f9658:   00007fac0913e924 00000000d9564300
0x00007fabd81f9668:   0000000000000000 0000000000000081
0x00007fabd81f9678:   00007fabb001bf60 00007fabd81f99d0
0x00007fabd81f9688:   00007fac09261e74 00007fabd81f99d0
0x00007fabd81f9698:   00007fac09267bec 00000000d7210578
0x00007fabd81f96a8:   000000008666f2b0 ffffffff0000006e
0x00007fabd81f96b8:   0000000000000000 00007fabd81f99d0
0x00007fabd81f96c8:   00007fac09305ac4 00007fac204c17df
0x00007fabd81f96d8:   00007fabd81f96f0 00000000d842b700
0x00007fabd81f96e8:   00007fac1cab2000 00007fabd81f99d0
0x00007fabd81f96f8:   00007fac09960afc 00007fabd81f99d0
0x00007fabd81f9708:   00007fac094063dc 00007fabd81f99d0
0x00007fabd81f9718:   00007fac0976c004 00000001000158c0
0x00007fabd81f9728:   00000001000961c8 000000008666f2a0
0x00007fabd81f9738:   00000000d842b700 00000001000158c0
0x00007fabd81f9748:   00007fac094ac5ec 00007fabd81f99d0
0x00007fabd81f9758:   00007fac094ac674 00007fabd81f99d0
0x00007fabd81f9768:   0000000000000001 00007fabd81f97b0
0x00007fabd81f9778:   000008f689e3fd7a 000000008666f2a0
0x00007fabd81f9788:   00000000d842b620 00007fab0000142b
0x00007fabd81f9798:   00007fac1fdd9ea6 00007fabd81f99d0
0x00007fabd81f97a8:   00007fac095f3d8c 00007fac1fc87f8c
0x00007fabd81f97b8:   00007fac1fc87f8c 0000000000000000
0x00007fabd81f97c8:   00007fac09346584 00007fabd81f99d0
0x00007fabd81f97d8:   00007fac09960afc 00007fabd81f99d0
0x00007fabd81f97e8:   00007fac09a1d9f4 000008f6a1bd1536
0x00007fabd81f97f8:   0000000000000007 00007fabd81f99d0
0x00007fabd81f9808:   00007fac748d0622 000000008666f1a8
0x00007fabd81f9818:   00007fabb50bf000 00000001000158c0
0x00007fabd81f9828:   000000010005b498 00007fabd81f99d0
0x00007fabd81f9838:   00007fac091393a4 00007fabd81f99d0
0x00007fabd81f9848:   00007fac094d4a64 00007fabd81f99d0 

Instructions: (pc=0x00007fac091165b7)
0x00007fac09116597:   00 00 00 00 00 00 00 00 00 00 00 00 00 00 00 00
0x00007fac091165a7:   00 03 00 0e 00 00 00 01 00 8b 46 08 48 c1 e0 03
0x00007fac091165b7:   48 8b 98 d0 01 00 00 ff 63 40 00 00 00 00 00 00
0x00007fac091165c7:   00 00 00 00 00 00 00 00 00 00 00 00 00 00 00 00 

Register to memory mapping:

RAX=0x00000003007e3a38 is an unknown value
RBX={method} {0x00007fac04b6a740} 'containsKey' '(Ljava/lang/Object;)Z' in 'java/util/HashMap'
RCX=0x0000000000000053 is an unknown value
RDX=0x00000000d7210578 is an oop

[error occurred during error reporting (printing register info), id 0xb]

Stack: [0x00007fabd80fa000,0x00007fabd81fb000],  sp=0x00007fabd81f9658,  free space=1021k
Native frames: (J=compiled Java code, j=interpreted, Vv=VM code, C=native code)
v  ~BufferBlob::vtable chunks
j  java.lang.Thread.run()V+11
v  ~StubRoutines::call_stub
V  [libjvm.so+0x68825b]  JavaCalls::call_helper(JavaValue*, methodHandle*, JavaCallArguments*, Thread*)+0xddb
V  [libjvm.so+0x685b23]  JavaCalls::call_virtual(JavaValue*, KlassHandle, Symbol*, Symbol*, JavaCallArguments*, Thread*)+0x263
V  [libjvm.so+0x6860e7]  JavaCalls::call_virtual(JavaValue*, Handle, KlassHandle, Symbol*, Symbol*, Thread*)+0x47
V  [libjvm.so+0x6f225c]  thread_entry(JavaThread*, Thread*)+0x6c
V  [libjvm.so+0xa7bb6b]  JavaThread::thread_main_inner()+0xdb
V  [libjvm.so+0xa7be71]  JavaThread::run()+0x2d1
V  [libjvm.so+0x90d922]  java_start(Thread*)+0x102
C  [libpthread.so.0+0x76db]  start_thread+0xdb


---------------  P R O C E S S  ---------------

Java Threads: ( => current thread )
  0x00007fac18011000 JavaThread "DestroyJavaVM" [_thread_blocked, id=9466, stack(0x00007fac207e2000,0x00007fac208e2000)]
  0x00007fabb5130000 JavaThread "http-nio-8080-Acceptor-0" daemon [_thread_in_native, id=9556, stack(0x00007fab929f2000,0x00007fab92af3000)]
  0x00007fabb512d000 JavaThread "http-nio-8080-ClientPoller-1" daemon [_thread_in_native, id=9555, stack(0x00007fab92af3000,0x00007fab92bf4000)]
  0x00007fabb5112000 JavaThread "http-nio-8080-ClientPoller-0" daemon [_thread_in_native, id=9554, stack(0x00007fab92bf4000,0x00007fab92cf5000)]
  0x00007fabb50f7000 JavaThread "http-nio-8080-exec-10" daemon [_thread_blocked, id=9553, stack(0x00007fab92cf5000,0x00007fab92df6000)]
  0x00007fabb50f5000 JavaThread "http-nio-8080-exec-9" daemon [_thread_blocked, id=9552, stack(0x00007fab92df6000,0x00007fab92ef7000)]
  0x00007fabb50f3000 JavaThread "http-nio-8080-exec-8" daemon [_thread_blocked, id=9551, stack(0x00007fab92ef7000,0x00007fab92ff8000)]
  0x00007fabb50f1000 JavaThread "http-nio-8080-exec-7" daemon [_thread_blocked, id=9550, stack(0x00007fab92ff8000,0x00007fab930f9000)]
  0x00007fabb50ef000 JavaThread "http-nio-8080-exec-6" daemon [_thread_blocked, id=9549, stack(0x00007fab930f9000,0x00007fab931fa000)]
  0x00007fabb50ed000 JavaThread "http-nio-8080-exec-5" daemon [_thread_blocked, id=9548, stack(0x00007fab931fa000,0x00007fab932fb000)]
  0x00007fabb50eb000 JavaThread "http-nio-8080-exec-4" daemon [_thread_blocked, id=9547, stack(0x00007fab932fb000,0x00007fab933fc000)]
  0x00007fabb50e9800 JavaThread "http-nio-8080-exec-3" daemon [_thread_blocked, id=9546, stack(0x00007fab933fc000,0x00007fab934fd000)]
  0x00007fabb50e8000 JavaThread "http-nio-8080-exec-2" daemon [_thread_blocked, id=9545, stack(0x00007fab934fd000,0x00007fab935fe000)]
  0x00007fabb50e6800 JavaThread "http-nio-8080-exec-1" daemon [_thread_blocked, id=9544, stack(0x00007fab935fe000,0x00007fab936ff000)]
  0x00007fabb50e3800 JavaThread "NioBlockingSelector.BlockPoller-1" daemon [_thread_in_native, id=9543, stack(0x00007fab936ff000,0x00007fab93800000)]
=>0x00007fabb50bf000 JavaThread "File Watcher" daemon [_thread_in_Java, id=9542, stack(0x00007fabd80fa000,0x00007fabd81fb000)]
  0x00007fabb4e6b800 JavaThread "Live Reload Server" daemon [_thread_in_native, id=9537, stack(0x00007fabd83fb000,0x00007fabd84fc000)]
  0x00007fabb49de800 JavaThread "HikariPool-1 housekeeper" daemon [_thread_blocked, id=9526, stack(0x00007fabd8dfd000,0x00007fabd8efe000)]
  0x00007fabb4906800 JavaThread "mysql-cj-abandoned-connection-cleanup" daemon [_thread_blocked, id=9523, stack(0x00007fabd8efe000,0x00007fabd8fff000)]
  0x00007fabb48f1000 JavaThread "container-0" [_thread_blocked, id=9522, stack(0x00007fabf4002000,0x00007fabf4103000)]
  0x00007fabb8370000 JavaThread "Catalina-utility-2" [_thread_blocked, id=9521, stack(0x00007fabf4d0b000,0x00007fabf4e0c000)]
  0x00007fabb48ef000 JavaThread "Catalina-utility-1" [_thread_blocked, id=9520, stack(0x00007fabf59c1000,0x00007fabf5ac2000)]
  0x00007fabb0011000 JavaThread "RMI Scheduler(0)" daemon [_thread_blocked, id=9510, stack(0x00007fabf4e0c000,0x00007fabf4f0d000)]
  0x00007fabdc001000 JavaThread "Attach Listener" daemon [_thread_blocked, id=9506, stack(0x00007fabf562a000,0x00007fabf572b000)]
  0x00007fac18629800 JavaThread "RMI TCP Accept-0" daemon [_thread_in_native, id=9498, stack(0x00007fabf5ffc000,0x00007fabf60fd000)]
  0x00007fac18551800 JavaThread "Service Thread" daemon [_thread_blocked, id=9497, stack(0x00007fabf651d000,0x00007fabf661e000)]
  0x00007fac1854c000 JavaThread "C1 CompilerThread2" daemon [_thread_blocked, id=9496, stack(0x00007fabf661f000,0x00007fabf671f000)]
  0x00007fac1854a000 JavaThread "C2 CompilerThread1" daemon [_thread_blocked, id=9495, stack(0x00007fabf6720000,0x00007fabf6820000)]
  0x00007fac18548000 JavaThread "C2 CompilerThread0" daemon [_thread_blocked, id=9494, stack(0x00007fabf6a39000,0x00007fabf6b39000)]
  0x00007fac18545800 JavaThread "Monitor Ctrl-Break" daemon [_thread_in_native, id=9493, stack(0x00007fabf6b39000,0x00007fabf6c3a000)]
  0x00007fac18185000 JavaThread "Signal Dispatcher" daemon [_thread_blocked, id=9489, stack(0x00007fabf6f29000,0x00007fabf702a000)]
  0x00007fac18152800 JavaThread "Finalizer" daemon [_thread_blocked, id=9473, stack(0x00007fabf79fa000,0x00007fabf7afb000)]
  0x00007fac1814f800 JavaThread "Reference Handler" daemon [_thread_blocked, id=9472, stack(0x00007fabf7afb000,0x00007fabf7bfc000)]

Other Threads:
  0x00007fac18146000 VMThread [stack: 0x00007fabf7bfd000,0x00007fabf7cfd000] [id=9471]
  0x00007fac1863c000 WatcherThread [stack: 0x00007fabf5efc000,0x00007fabf5ffc000] [id=9499]

VM state:not at safepoint (normal execution)

VM Mutex/Monitor currently owned by a thread: None

heap address: 0x0000000085000000, size: 1968 MB, Compressed Oops mode: 32-bit
Narrow klass base: 0x0000000000000000, Narrow klass shift: 3
Compressed class space size: 1073741824 Address: 0x0000000100000000

Heap:
 PSYoungGen      total 44544K, used 21499K [0x00000000d7000000, 0x00000000d9f00000, 0x0000000100000000)
  eden space 40960K, 52% used [0x00000000d7000000,0x00000000d84cee68,0x00000000d9800000)
  from space 3584K, 5% used [0x00000000d9b80000,0x00000000d9bb0000,0x00000000d9f00000)
  to   space 3584K, 0% used [0x00000000d9800000,0x00000000d9800000,0x00000000d9b80000)
 ParOldGen       total 137216K, used 36536K [0x0000000085000000, 0x000000008d600000, 0x00000000d7000000)
  object space 137216K, 26% used [0x0000000085000000,0x00000000873ae2f0,0x000000008d600000)
 Metaspace       used 62847K, capacity 66100K, committed 66560K, reserved 1105920K
  class space    used 8820K, capacity 9383K, committed 9472K, reserved 1048576K

Card table byte_map: [0x00007fac1ceda000,0x00007fac1d2b3000] byte_map_base: 0x00007fac1cab2000

Marking Bits: (ParMarkBitMap*) 0x00007fac1fc8bd80
 Begin Bits: [0x00007fac05280000, 0x00007fac07140000)
 End Bits:   [0x00007fac07140000, 0x00007fac09000000)

Polling page: 0x00007fac208fb000

CodeCache: size=245760Kb used=13593Kb max_used=13593Kb free=232166Kb
 bounds [0x00007fac09000000, 0x00007fac09d50000, 0x00007fac18000000]
 total_blobs=8042 nmethods=7430 adapters=523
 compilation: enabled

Compilation events (10 events):
Event: 2562,727 Thread 0x00007fac1854c000 7544       1       org.apache.catalina.core.StandardServer$2::run (11 bytes)
Event: 2562,728 Thread 0x00007fac1854c000 nmethod 7544 0x00007fac09d46f50 code [0x00007fac09d470c0, 0x00007fac09d47208]
Event: 2562,728 Thread 0x00007fac1854c000 7545       1       org.apache.catalina.core.StandardServer::access$000 (7 bytes)
Event: 2562,728 Thread 0x00007fac1854c000 nmethod 7545 0x00007fac09d472d0 code [0x00007fac09d47440, 0x00007fac09d47548]
Event: 2562,820 Thread 0x00007fac1854c000 7546       1       org.apache.catalina.core.ContainerBase$ContainerBackgroundProcessor::run (9 bytes)
Event: 2562,820 Thread 0x00007fac1854c000 nmethod 7546 0x00007fac09d47610 code [0x00007fac09d47780, 0x00007fac09d478a8]
Event: 2562,820 Thread 0x00007fac1854c000 7547       1       org.apache.catalina.realm.RealmBase::backgroundProcess (1 bytes)
Event: 2562,820 Thread 0x00007fac1854c000 nmethod 7547 0x00007fac09d47950 code [0x00007fac09d47aa0, 0x00007fac09d47bb0]
Event: 2562,820 Thread 0x00007fac1854c000 7548       1       org.apache.catalina.core.DefaultInstanceManager::backgroundProcess (8 bytes)
Event: 2562,821 Thread 0x00007fac1854c000 nmethod 7548 0x00007fac09d47c10 code [0x00007fac09d47d80, 0x00007fac09d47ec8]

GC Heap History (10 events):
Event: 2755,505 GC heap before
{Heap before GC invocations=646 (full 4):
 PSYoungGen      total 41984K, used 38688K [0x00000000d7000000, 0x00000000d9e00000, 0x0000000100000000)
  eden space 37888K, 100% used [0x00000000d7000000,0x00000000d9500000,0x00000000d9500000)
  from space 4096K, 19% used [0x00000000d9500000,0x00000000d95c8000,0x00000000d9900000)
  to   space 4096K, 0% used [0x00000000d9a00000,0x00000000d9a00000,0x00000000d9e00000)
 ParOldGen       total 137216K, used 36528K [0x0000000085000000, 0x000000008d600000, 0x00000000d7000000)
  object space 137216K, 26% used [0x0000000085000000,0x00000000873ac2f0,0x000000008d600000)
 Metaspace       used 62847K, capacity 66100K, committed 66560K, reserved 1105920K
  class space    used 8820K, capacity 9383K, committed 9472K, reserved 1048576K
Event: 2755,510 GC heap after
Heap after GC invocations=646 (full 4):
 PSYoungGen      total 43008K, used 64K [0x00000000d7000000, 0x00000000d9e00000, 0x0000000100000000)
  eden space 38912K, 0% used [0x00000000d7000000,0x00000000d7000000,0x00000000d9600000)
  from space 4096K, 1% used [0x00000000d9a00000,0x00000000d9a10000,0x00000000d9e00000)
  to   space 4096K, 0% used [0x00000000d9600000,0x00000000d9600000,0x00000000d9a00000)
 ParOldGen       total 137216K, used 36528K [0x0000000085000000, 0x000000008d600000, 0x00000000d7000000)
  object space 137216K, 26% used [0x0000000085000000,0x00000000873ac2f0,0x000000008d600000)
 Metaspace       used 62847K, capacity 66100K, committed 66560K, reserved 1105920K
  class space    used 8820K, capacity 9383K, committed 9472K, reserved 1048576K
}
Event: 2756,717 GC heap before
{Heap before GC invocations=647 (full 4):
 PSYoungGen      total 43008K, used 38976K [0x00000000d7000000, 0x00000000d9e00000, 0x0000000100000000)
  eden space 38912K, 100% used [0x00000000d7000000,0x00000000d9600000,0x00000000d9600000)
  from space 4096K, 1% used [0x00000000d9a00000,0x00000000d9a10000,0x00000000d9e00000)
  to   space 4096K, 0% used [0x00000000d9600000,0x00000000d9600000,0x00000000d9a00000)
 ParOldGen       total 137216K, used 36528K [0x0000000085000000, 0x000000008d600000, 0x00000000d7000000)
  object space 137216K, 26% used [0x0000000085000000,0x00000000873ac2f0,0x000000008d600000)
 Metaspace       used 62847K, capacity 66100K, committed 66560K, reserved 1105920K
  class space    used 8820K, capacity 9383K, committed 9472K, reserved 1048576K
Event: 2756,720 GC heap after
Heap after GC invocations=647 (full 4):
 PSYoungGen      total 43008K, used 1568K [0x00000000d7000000, 0x00000000d9f00000, 0x0000000100000000)
  eden space 38912K, 0% used [0x00000000d7000000,0x00000000d7000000,0x00000000d9600000)
  from space 4096K, 38% used [0x00000000d9600000,0x00000000d9788010,0x00000000d9a00000)
  to   space 4096K, 0% used [0x00000000d9b00000,0x00000000d9b00000,0x00000000d9f00000)
 ParOldGen       total 137216K, used 36528K [0x0000000085000000, 0x000000008d600000, 0x00000000d7000000)
  object space 137216K, 26% used [0x0000000085000000,0x00000000873ac2f0,0x000000008d600000)
 Metaspace       used 62847K, capacity 66100K, committed 66560K, reserved 1105920K
  class space    used 8820K, capacity 9383K, committed 9472K, reserved 1048576K
}
Event: 2758,997 GC heap before
{Heap before GC invocations=648 (full 4):
 PSYoungGen      total 43008K, used 40480K [0x00000000d7000000, 0x00000000d9f00000, 0x0000000100000000)
  eden space 38912K, 100% used [0x00000000d7000000,0x00000000d9600000,0x00000000d9600000)
  from space 4096K, 38% used [0x00000000d9600000,0x00000000d9788010,0x00000000d9a00000)
  to   space 4096K, 0% used [0x00000000d9b00000,0x00000000d9b00000,0x00000000d9f00000)
 ParOldGen       total 137216K, used 36528K [0x0000000085000000, 0x000000008d600000, 0x00000000d7000000)
  object space 137216K, 26% used [0x0000000085000000,0x00000000873ac2f0,0x000000008d600000)
 Metaspace       used 62847K, capacity 66100K, committed 66560K, reserved 1105920K
  class space    used 8820K, capacity 9383K, committed 9472K, reserved 1048576K
Event: 2758,999 GC heap after
Heap after GC invocations=648 (full 4):
 PSYoungGen      total 43008K, used 1056K [0x00000000d7000000, 0x00000000d9e00000, 0x0000000100000000)
  eden space 39936K, 0% used [0x00000000d7000000,0x00000000d7000000,0x00000000d9700000)
  from space 3072K, 34% used [0x00000000d9b00000,0x00000000d9c08000,0x00000000d9e00000)
  to   space 3584K, 0% used [0x00000000d9700000,0x00000000d9700000,0x00000000d9a80000)
 ParOldGen       total 137216K, used 36536K [0x0000000085000000, 0x000000008d600000, 0x00000000d7000000)
  object space 137216K, 26% used [0x0000000085000000,0x00000000873ae2f0,0x000000008d600000)
 Metaspace       used 62847K, capacity 66100K, committed 66560K, reserved 1105920K
  class space    used 8820K, capacity 9383K, committed 9472K, reserved 1048576K
}
Event: 2761,200 GC heap before
{Heap before GC invocations=649 (full 4):
 PSYoungGen      total 43008K, used 40992K [0x00000000d7000000, 0x00000000d9e00000, 0x0000000100000000)
  eden space 39936K, 100% used [0x00000000d7000000,0x00000000d9700000,0x00000000d9700000)
  from space 3072K, 34% used [0x00000000d9b00000,0x00000000d9c08000,0x00000000d9e00000)
  to   space 3584K, 0% used [0x00000000d9700000,0x00000000d9700000,0x00000000d9a80000)
 ParOldGen       total 137216K, used 36536K [0x0000000085000000, 0x000000008d600000, 0x00000000d7000000)
  object space 137216K, 26% used [0x0000000085000000,0x00000000873ae2f0,0x000000008d600000)
 Metaspace       used 62847K, capacity 66100K, committed 66560K, reserved 1105920K
  class space    used 8820K, capacity 9383K, committed 9472K, reserved 1048576K
Event: 2761,202 GC heap after
Heap after GC invocations=649 (full 4):
 PSYoungGen      total 43520K, used 704K [0x00000000d7000000, 0x00000000d9f00000, 0x0000000100000000)
  eden space 39936K, 0% used [0x00000000d7000000,0x00000000d7000000,0x00000000d9700000)
  from space 3584K, 19% used [0x00000000d9700000,0x00000000d97b0000,0x00000000d9a80000)
  to   space 3584K, 0% used [0x00000000d9b80000,0x00000000d9b80000,0x00000000d9f00000)
 ParOldGen       total 137216K, used 36536K [0x0000000085000000, 0x000000008d600000, 0x00000000d7000000)
  object space 137216K, 26% used [0x0000000085000000,0x00000000873ae2f0,0x000000008d600000)
 Metaspace       used 62847K, capacity 66100K, committed 66560K, reserved 1105920K
  class space    used 8820K, capacity 9383K, committed 9472K, reserved 1048576K
}
Event: 2763,464 GC heap before
{Heap before GC invocations=650 (full 4):
 PSYoungGen      total 43520K, used 40640K [0x00000000d7000000, 0x00000000d9f00000, 0x0000000100000000)
  eden space 39936K, 100% used [0x00000000d7000000,0x00000000d9700000,0x00000000d9700000)
  from space 3584K, 19% used [0x00000000d9700000,0x00000000d97b0000,0x00000000d9a80000)
  to   space 3584K, 0% used [0x00000000d9b80000,0x00000000d9b80000,0x00000000d9f00000)
 ParOldGen       total 137216K, used 36536K [0x0000000085000000, 0x000000008d600000, 0x00000000d7000000)
  object space 137216K, 26% used [0x0000000085000000,0x00000000873ae2f0,0x000000008d600000)
 Metaspace       used 62847K, capacity 66100K, committed 66560K, reserved 1105920K
  class space    used 8820K, capacity 9383K, committed 9472K, reserved 1048576K
Event: 2763,467 GC heap after
Heap after GC invocations=650 (full 4):
 PSYoungGen      total 44544K, used 192K [0x00000000d7000000, 0x00000000d9f00000, 0x0000000100000000)
  eden space 40960K, 0% used [0x00000000d7000000,0x00000000d7000000,0x00000000d9800000)
  from space 3584K, 5% used [0x00000000d9b80000,0x00000000d9bb0000,0x00000000d9f00000)
  to   space 3584K, 0% used [0x00000000d9800000,0x00000000d9800000,0x00000000d9b80000)
 ParOldGen       total 137216K, used 36536K [0x0000000085000000, 0x000000008d600000, 0x00000000d7000000)
  object space 137216K, 26% used [0x0000000085000000,0x00000000873ae2f0,0x000000008d600000)
 Metaspace       used 62847K, capacity 66100K, committed 66560K, reserved 1105920K
  class space    used 8820K, capacity 9383K, committed 9472K, reserved 1048576K
}

Deoptimization events (0 events):
No events

Classes redefined (0 events):
No events

Internal exceptions (10 events):
Event: 212,456 Thread 0x00007fabb50eb000 Exception <a 'java/lang/ClassNotFoundException': com/projet/model/ClientCustomizer> (0x00000000ed716d50) thrown at [/HUDSON/workspace/8-2-build-linux-amd64/jdk8u201/12317/hotspot/src/share/vm/classfile/systemDictionary.cpp, line 210]
Event: 212,456 Thread 0x00007fabb50eb000 Exception <a 'java/lang/ArrayIndexOutOfBoundsException'> (0x00000000ed719d80) thrown at [/HUDSON/workspace/8-2-build-linux-amd64/jdk8u201/12317/hotspot/src/share/vm/runtime/sharedRuntime.cpp, line 605]
Event: 212,456 Thread 0x00007fabb50eb000 Exception <a 'java/lang/ArrayIndexOutOfBoundsException'> (0x00000000ed71ca68) thrown at [/HUDSON/workspace/8-2-build-linux-amd64/jdk8u201/12317/hotspot/src/share/vm/runtime/sharedRuntime.cpp, line 605]
Event: 212,456 Thread 0x00007fabb50eb000 Exception <a 'java/lang/ArrayIndexOutOfBoundsException'> (0x00000000ed71e718) thrown at [/HUDSON/workspace/8-2-build-linux-amd64/jdk8u201/12317/hotspot/src/share/vm/runtime/sharedRuntime.cpp, line 605]
Event: 212,456 Thread 0x00007fabb50eb000 Exception <a 'java/lang/ArrayIndexOutOfBoundsException'> (0x00000000ed7209a0) thrown at [/HUDSON/workspace/8-2-build-linux-amd64/jdk8u201/12317/hotspot/src/share/vm/runtime/sharedRuntime.cpp, line 605]
Event: 212,458 Thread 0x00007fabb50eb000 Exception <a 'java/lang/ClassNotFoundException': java/lang/ObjectCustomizer> (0x00000000ed74fce0) thrown at [/HUDSON/workspace/8-2-build-linux-amd64/jdk8u201/12317/hotspot/src/share/vm/classfile/systemDictionary.cpp, line 210]
Event: 212,459 Thread 0x00007fabb50eb000 Exception <a 'java/lang/ClassNotFoundException': com/projet/model/AddressCustomizer> (0x00000000ed76a890) thrown at [/HUDSON/workspace/8-2-build-linux-amd64/jdk8u201/12317/hotspot/src/share/vm/classfile/systemDictionary.cpp, line 210]
Event: 843,358 Thread 0x00007fabb50f1000 Exception <a 'java/lang/ArrayIndexOutOfBoundsException'> (0x00000000dbd357e8) thrown at [/HUDSON/workspace/8-2-build-linux-amd64/jdk8u201/12317/hotspot/src/share/vm/runtime/sharedRuntime.cpp, line 605]
Event: 907,803 Thread 0x00007fabb50e8000 Exception <a 'java/lang/reflect/InvocationTargetException'> (0x00000000dbc1dc58) thrown at [/HUDSON/workspace/8-2-build-linux-amd64/jdk8u201/12317/hotspot/src/share/vm/runtime/reflection.cpp, line 1092]
Event: 934,592 Thread 0x00007fabb50e6800 Exception <a 'java/lang/ArrayIndexOutOfBoundsException'> (0x00000000fd40dea0) thrown at [/HUDSON/workspace/8-2-build-linux-amd64/jdk8u201/12317/hotspot/src/share/vm/runtime/sharedRuntime.cpp, line 605]

Events (10 events):
Event: 2755,505 Executing VM operation: ParallelGCFailedAllocation
Event: 2755,510 Executing VM operation: ParallelGCFailedAllocation done
Event: 2756,717 Executing VM operation: ParallelGCFailedAllocation
Event: 2756,720 Executing VM operation: ParallelGCFailedAllocation done
Event: 2758,997 Executing VM operation: ParallelGCFailedAllocation
Event: 2758,999 Executing VM operation: ParallelGCFailedAllocation done
Event: 2761,200 Executing VM operation: ParallelGCFailedAllocation
Event: 2761,202 Executing VM operation: ParallelGCFailedAllocation done
Event: 2763,464 Executing VM operation: ParallelGCFailedAllocation
Event: 2763,468 Executing VM operation: ParallelGCFailedAllocation done


Dynamic libraries:
00400000-00401000 r-xp 00000000 08:06 19401                              /usr/lib/jvm/java-8-oracle/bin/java
00600000-00601000 r--p 00000000 08:06 19401                              /usr/lib/jvm/java-8-oracle/bin/java
00601000-00602000 rw-p 00001000 08:06 19401                              /usr/lib/jvm/java-8-oracle/bin/java
00c89000-00e36000 rw-p 00000000 00:00 0                                  [heap]
85000000-8d600000 rw-p 00000000 00:00 0 
8d600000-d7000000 ---p 00000000 00:00 0 
d7000000-d9f00000 rw-p 00000000 00:00 0 
d9f00000-100000000 ---p 00000000 00:00 0 
100000000-100940000 rw-p 00000000 00:00 0 
100940000-140000000 ---p 00000000 00:00 0 
7fab80000000-7fab80067000 rw-p 00000000 00:00 0 
7fab80067000-7fab84000000 ---p 00000000 00:00 0 
7fab84000000-7fab84054000 rw-p 00000000 00:00 0 
7fab84054000-7fab88000000 ---p 00000000 00:00 0 
7fab88000000-7fab8843a000 rw-p 00000000 00:00 0 
7fab8843a000-7fab8c000000 ---p 00000000 00:00 0 
7fab8c000000-7fab8c021000 rw-p 00000000 00:00 0 
7fab8c021000-7fab90000000 ---p 00000000 00:00 0 
7fab91ff0000-7fab921b0000 rw-p 00000000 00:00 0 
7fab921b0000-7fab921f0000 ---p 00000000 00:00 0 
7fab921f0000-7fab923f0000 rw-p 00000000 00:00 0 
7fab923f0000-7fab925f0000 rw-p 00000000 00:00 0 
7fab925f0000-7fab927f0000 rw-p 00000000 00:00 0 
7fab927f0000-7fab927f3000 ---p 00000000 00:00 0 
7fab927f3000-7fab928f1000 rw-p 00000000 00:00 0 
7fab928f1000-7fab928f4000 ---p 00000000 00:00 0 
7fab928f4000-7fab929f2000 rw-p 00000000 00:00 0 
7fab929f2000-7fab929f5000 ---p 00000000 00:00 0 
7fab929f5000-7fab92af3000 rw-p 00000000 00:00 0 
7fab92af3000-7fab92af6000 ---p 00000000 00:00 0 
7fab92af6000-7fab92bf4000 rw-p 00000000 00:00 0 
7fab92bf4000-7fab92bf7000 ---p 00000000 00:00 0 
7fab92bf7000-7fab92cf5000 rw-p 00000000 00:00 0 
7fab92cf5000-7fab92cf8000 ---p 00000000 00:00 0 
7fab92cf8000-7fab92df6000 rw-p 00000000 00:00 0 
7fab92df6000-7fab92df9000 ---p 00000000 00:00 0 
7fab92df9000-7fab92ef7000 rw-p 00000000 00:00 0 
7fab92ef7000-7fab92efa000 ---p 00000000 00:00 0 
7fab92efa000-7fab92ff8000 rw-p 00000000 00:00 0 
7fab92ff8000-7fab92ffb000 ---p 00000000 00:00 0 
7fab92ffb000-7fab930f9000 rw-p 00000000 00:00 0 
7fab930f9000-7fab930fc000 ---p 00000000 00:00 0 
7fab930fc000-7fab931fa000 rw-p 00000000 00:00 0 
7fab931fa000-7fab931fd000 ---p 00000000 00:00 0 
7fab931fd000-7fab932fb000 rw-p 00000000 00:00 0 
7fab932fb000-7fab932fe000 ---p 00000000 00:00 0 
7fab932fe000-7fab933fc000 rw-p 00000000 00:00 0 
7fab933fc000-7fab933ff000 ---p 00000000 00:00 0 
7fab933ff000-7fab934fd000 rw-p 00000000 00:00 0 
7fab934fd000-7fab93500000 ---p 00000000 00:00 0 
7fab93500000-7fab935fe000 rw-p 00000000 00:00 0 
7fab935fe000-7fab93601000 ---p 00000000 00:00 0 
7fab93601000-7fab936ff000 rw-p 00000000 00:00 0 
7fab936ff000-7fab93702000 ---p 00000000 00:00 0 
7fab93702000-7fab93a00000 rw-p 00000000 00:00 0 
7fab93a00000-7fab93c00000 rw-p 00000000 00:00 0 
7fab93c00000-7fab93e00000 rw-p 00000000 00:00 0 
7fab93e00000-7fab94000000 rw-p 00000000 00:00 0 
7fab94000000-7fab94077000 rw-p 00000000 00:00 0 
7fab94077000-7fab98000000 ---p 00000000 00:00 0 
7fab98000000-7fab98089000 rw-p 00000000 00:00 0 
7fab98089000-7fab9c000000 ---p 00000000 00:00 0 
7fab9c000000-7fab9c252000 rw-p 00000000 00:00 0 
7fab9c252000-7faba0000000 ---p 00000000 00:00 0 
7faba0000000-7faba0055000 rw-p 00000000 00:00 0 
7faba0055000-7faba4000000 ---p 00000000 00:00 0 
7faba4000000-7faba4021000 rw-p 00000000 00:00 0 
7faba4021000-7faba8000000 ---p 00000000 00:00 0 
7faba8000000-7faba8021000 rw-p 00000000 00:00 0 
7faba8021000-7fabac000000 ---p 00000000 00:00 0 
7fabac000000-7fabac021000 rw-p 00000000 00:00 0 
7fabac021000-7fabb0000000 ---p 00000000 00:00 0 
7fabb0000000-7fabb0025000 rw-p 00000000 00:00 0 
7fabb0025000-7fabb4000000 ---p 00000000 00:00 0 
7fabb4000000-7fabb5138000 rw-p 00000000 00:00 0 
7fabb5138000-7fabb8000000 ---p 00000000 00:00 0 
7fabb8000000-7fabb8371000 rw-p 00000000 00:00 0 
7fabb8371000-7fabbc000000 ---p 00000000 00:00 0 
7fabbc000000-7fabbc021000 rw-p 00000000 00:00 0 
7fabbc021000-7fabc0000000 ---p 00000000 00:00 0 
7fabc0000000-7fabc0021000 rw-p 00000000 00:00 0 
7fabc0021000-7fabc4000000 ---p 00000000 00:00 0 
7fabc4000000-7fabc4021000 rw-p 00000000 00:00 0 
7fabc4021000-7fabc8000000 ---p 00000000 00:00 0 
7fabc8000000-7fabc8021000 rw-p 00000000 00:00 0 
7fabc8021000-7fabcc000000 ---p 00000000 00:00 0 
7fabcc000000-7fabcc021000 rw-p 00000000 00:00 0 
7fabcc021000-7fabd0000000 ---p 00000000 00:00 0 
7fabd0000000-7fabd06fc000 rw-p 00000000 00:00 0 
7fabd06fc000-7fabd4000000 ---p 00000000 00:00 0 
7fabd4000000-7fabd4066000 rw-p 00000000 00:00 0 
7fabd4066000-7fabd8000000 ---p 00000000 00:00 0 
7fabd80fa000-7fabd80fd000 ---p 00000000 00:00 0 
7fabd80fd000-7fabd83fb000 rw-p 00000000 00:00 0 
7fabd83fb000-7fabd83fe000 ---p 00000000 00:00 0 
7fabd83fe000-7fabd86fc000 rw-p 00000000 00:00 0 
7fabd86fc000-7fabd88fc000 rw-p 00000000 00:00 0 
7fabd88fc000-7fabd88ff000 ---p 00000000 00:00 0 
7fabd88ff000-7fabd8bfd000 rw-p 00000000 00:00 0 
7fabd8bfd000-7fabd8dfd000 rw-p 00000000 00:00 0 
7fabd8dfd000-7fabd8e00000 ---p 00000000 00:00 0 
7fabd8e00000-7fabd8efe000 rw-p 00000000 00:00 0 
7fabd8efe000-7fabd8f01000 ---p 00000000 00:00 0 
7fabd8f01000-7fabdc000000 rw-p 00000000 00:00 0 
7fabdc000000-7fabdc021000 rw-p 00000000 00:00 0 
7fabdc021000-7fabe0000000 ---p 00000000 00:00 0 
7fabe0000000-7fabe0021000 rw-p 00000000 00:00 0 
7fabe0021000-7fabe4000000 ---p 00000000 00:00 0 
7fabe4000000-7fabe4021000 rw-p 00000000 00:00 0 
7fabe4021000-7fabe8000000 ---p 00000000 00:00 0 
7fabe8000000-7fabe8021000 rw-p 00000000 00:00 0 
7fabe8021000-7fabec000000 ---p 00000000 00:00 0 
7fabec000000-7fabec06a000 rw-p 00000000 00:00 0 
7fabec06a000-7fabf0000000 ---p 00000000 00:00 0 
7fabf0000000-7fabf0021000 rw-p 00000000 00:00 0 
7fabf0021000-7fabf4000000 ---p 00000000 00:00 0 
7fabf4002000-7fabf4005000 ---p 00000000 00:00 0 
7fabf4005000-7fabf4303000 rw-p 00000000 00:00 0 
7fabf4303000-7fabf4306000 r--s 0001a000 08:06 672161                     /usr/lib/jvm/java-8-oracle/jre/lib/jce.jar
7fabf4306000-7fabf4506000 rw-p 00000000 00:00 0 
7fabf4506000-7fabf450b000 r--s 002f9000 08:06 671926                     /usr/lib/jvm/java-8-oracle/jre/lib/charsets.jar
7fabf450b000-7fabf470b000 rw-p 00000000 00:00 0 
7fabf470b000-7fabf490b000 rw-p 00000000 00:00 0 
7fabf490b000-7fabf4b0b000 rw-p 00000000 00:00 0 
7fabf4b0b000-7fabf4d0b000 rw-p 00000000 00:00 0 
7fabf4d0b000-7fabf4d0e000 ---p 00000000 00:00 0 
7fabf4d0e000-7fabf4e0c000 rw-p 00000000 00:00 0 
7fabf4e0c000-7fabf4e0f000 ---p 00000000 00:00 0 
7fabf4e0f000-7fabf4f0d000 rw-p 00000000 00:00 0 
7fabf4f0d000-7fabf4f29000 r--s 00393000 08:06 671989                     /usr/lib/jvm/java-8-oracle/jre/lib/ext/cldrdata.jar
7fabf4f29000-7fabf5129000 rw-p 00000000 00:00 0 
7fabf5129000-7fabf512c000 ---p 00000000 00:00 0 
7fabf512c000-7fabf542a000 rw-p 00000000 00:00 0 
7fabf542a000-7fabf562a000 rw-p 00000000 00:00 0 
7fabf562a000-7fabf562d000 ---p 00000000 00:00 0 
7fabf562d000-7fabf572b000 rw-p 00000000 00:00 0 
7fabf572b000-7fabf57c1000 r--s 0110e000 08:06 671990                     /usr/lib/jvm/java-8-oracle/jre/lib/ext/jfxrt.jar
7fabf57c1000-7fabf59c1000 rw-p 00000000 00:00 0 
7fabf59c1000-7fabf59c4000 ---p 00000000 00:00 0 
7fabf59c4000-7fabf5ac2000 rw-p 00000000 00:00 0 
7fabf5ac2000-7fabf5ac5000 ---p 00000000 00:00 0 
7fabf5ac5000-7fabf5bc3000 rw-p 00000000 00:00 0 
7fabf5bc3000-7fabf5bc6000 ---p 00000000 00:00 0 
7fabf5bc6000-7fabf5ec4000 rw-p 00000000 00:00 0 
7fabf5ec4000-7fabf5ece000 r--s 00116000 08:06 671996                     /usr/lib/jvm/java-8-oracle/jre/lib/ext/localedata.jar
7fabf5ece000-7fabf5ed5000 r--s 00000000 08:06 137817                     /usr/lib/x86_64-linux-gnu/gconv/gconv-modules.cache
7fabf5ed5000-7fabf5efb000 r--p 00000000 08:06 399713                     /usr/share/locale-langpack/fr/LC_MESSAGES/libc.mo
7fabf5efb000-7fabf5efc000 ---p 00000000 00:00 0 
7fabf5efc000-7fabf5ffc000 rw-p 00000000 00:00 0 
7fabf5ffc000-7fabf5fff000 ---p 00000000 00:00 0 
7fabf5fff000-7fabf60fd000 rw-p 00000000 00:00 0 
7fabf60fd000-7fabf6101000 r--s 000a1000 08:06 671985                     /usr/lib/jvm/java-8-oracle/jre/lib/jsse.jar
7fabf6101000-7fabf6112000 r-xp 00000000 08:06 672148                     /usr/lib/jvm/java-8-oracle/jre/lib/amd64/libnio.so
7fabf6112000-7fabf6311000 ---p 00011000 08:06 672148                     /usr/lib/jvm/java-8-oracle/jre/lib/amd64/libnio.so
7fabf6311000-7fabf6312000 r--p 00010000 08:06 672148                     /usr/lib/jvm/java-8-oracle/jre/lib/amd64/libnio.so
7fabf6312000-7fabf6313000 rw-p 00011000 08:06 672148                     /usr/lib/jvm/java-8-oracle/jre/lib/amd64/libnio.so
7fabf6313000-7fabf631c000 r-xp 00000000 08:06 672153                     /usr/lib/jvm/java-8-oracle/jre/lib/amd64/libmanagement.so
7fabf631c000-7fabf651b000 ---p 00009000 08:06 672153                     /usr/lib/jvm/java-8-oracle/jre/lib/amd64/libmanagement.so
7fabf651b000-7fabf651c000 r--p 00008000 08:06 672153                     /usr/lib/jvm/java-8-oracle/jre/lib/amd64/libmanagement.so
7fabf651c000-7fabf651d000 rw-p 00009000 08:06 672153                     /usr/lib/jvm/java-8-oracle/jre/lib/amd64/libmanagement.so
7fabf651d000-7fabf6520000 ---p 00000000 00:00 0 
7fabf6520000-7fabf661e000 rw-p 00000000 00:00 0 
7fabf661e000-7fabf661f000 ---p 00000000 00:00 0 
7fabf661f000-7fabf6622000 ---p 00000000 00:00 0 
7fabf6622000-7fabf671f000 rw-p 00000000 00:00 0 
7fabf671f000-7fabf6720000 ---p 00000000 00:00 0 
7fabf6720000-7fabf6723000 ---p 00000000 00:00 0 
7fabf6723000-7fabf6820000 rw-p 00000000 00:00 0 
7fabf6820000-7fabf6836000 r-xp 00000000 08:06 672145                     /usr/lib/jvm/java-8-oracle/jre/lib/amd64/libnet.so
7fabf6836000-7fabf6a36000 ---p 00016000 08:06 672145                     /usr/lib/jvm/java-8-oracle/jre/lib/amd64/libnet.so
7fabf6a36000-7fabf6a37000 r--p 00016000 08:06 672145                     /usr/lib/jvm/java-8-oracle/jre/lib/amd64/libnet.so
7fabf6a37000-7fabf6a38000 rw-p 00017000 08:06 672145                     /usr/lib/jvm/java-8-oracle/jre/lib/amd64/libnet.so
7fabf6a38000-7fabf6a39000 ---p 00000000 00:00 0 
7fabf6a39000-7fabf6a3c000 ---p 00000000 00:00 0 
7fabf6a3c000-7fabf6b39000 rw-p 00000000 00:00 0 
7fabf6b39000-7fabf6b3c000 ---p 00000000 00:00 0 
7fabf6b3c000-7fabf6c3a000 rw-p 00000000 00:00 0 
7fabf6c3a000-7fabf6c3c000 r--s 0001a000 08:08 7737012                    /home/aniss/.local/share/JetBrains/Toolbox/apps/IDEA-U/ch-0/183.5912.21/lib/idea_rt.jar
7fabf6c3c000-7fabf6c48000 r--s 0005e000 08:08 7614593                    /home/aniss/.m2/repository/org/springframework/security/spring-security-core/5.1.5.RELEASE/spring-security-core-5.1.5.RELEASE.jar
7fabf6c48000-7fabf6c49000 r--s 00005000 08:08 7614511                    /home/aniss/.m2/repository/org/springframework/spring-jcl/5.1.6.RELEASE/spring-jcl-5.1.6.RELEASE.jar
7fabf6c49000-7fabf6c61000 r--s 00124000 08:08 7614503                    /home/aniss/.m2/repository/org/springframework/spring-core/5.1.6.RELEASE/spring-core-5.1.6.RELEASE.jar
7fabf6c61000-7fabf6c78000 r--s 0018d000 08:08 4199393                    /home/aniss/.m2/repository/org/projectlombok/lombok/1.18.6/lombok-1.18.6.jar
7fabf6c78000-7fabf6c90000 r--s 001f2000 08:08 8261372                    /home/aniss/.m2/repository/mysql/mysql-connector-java/8.0.15/mysql-connector-java-8.0.15.jar
7fabf6c90000-7fabf6c9f000 r--s 000b5000 08:08 8261491                    /home/aniss/.m2/repository/org/springframework/spring-webmvc/5.1.6.RELEASE/spring-webmvc-5.1.6.RELEASE.jar
7fabf6c9f000-7fabf6cbb000 r--s 00137000 08:08 8130023                    /home/aniss/.m2/repository/org/springframework/spring-web/5.1.6.RELEASE/spring-web-5.1.6.RELEASE.jar
7fabf6cbb000-7fabf6cc0000 r--s 00012000 08:08 8130037                    /home/aniss/.m2/repository/javax/validation/validation-api/2.0.1.Final/validation-api-2.0.1.Final.jar
7fabf6cc0000-7fabf6cdd000 r--s 000fe000 08:08 8261479                    /home/aniss/.m2/repository/org/hibernate/validator/hibernate-validator/6.0.16.Final/hibernate-validator-6.0.16.Final.jar
7fabf6cdd000-7fabf6ce2000 r--s 0003c000 08:08 5380930                    /home/aniss/.m2/repository/org/apache/tomcat/embed/tomcat-embed-websocket/9.0.17/tomcat-embed-websocket-9.0.17.jar
7fabf6ce2000-7fabf6ce7000 r--s 00039000 08:08 5247839                    /home/aniss/.m2/repository/org/apache/tomcat/embed/tomcat-embed-el/9.0.17/tomcat-embed-el-9.0.17.jar
7fabf6ce7000-7fabf6d11000 r--s 002f9000 08:08 4988075                    /home/aniss/.m2/repository/org/apache/tomcat/embed/tomcat-embed-core/9.0.17/tomcat-embed-core-9.0.17.jar
7fabf6d11000-7fabf6d12000 r--s 00000000 08:08 8130046                    /home/aniss/.m2/repository/org/springframework/boot/spring-boot-starter-tomcat/2.1.4.RELEASE/spring-boot-starter-tomcat-2.1.4.RELEASE.jar
7fabf6d12000-7fabf6d14000 r--s 00001000 08:08 8130026                    /home/aniss/.m2/repository/com/fasterxml/jackson/module/jackson-module-parameter-names/2.9.8/jackson-module-parameter-names-2.9.8.jar
7fabf6d14000-7fabf6d17000 r--s 00016000 08:08 8130038                    /home/aniss/.m2/repository/com/fasterxml/jackson/datatype/jackson-datatype-jsr310/2.9.8/jackson-datatype-jsr310-2.9.8.jar
7fabf6d17000-7fabf6d19000 r--s 00007000 08:08 8130032                    /home/aniss/.m2/repository/com/fasterxml/jackson/datatype/jackson-datatype-jdk8/2.9.8/jackson-datatype-jdk8-2.9.8.jar
7fabf6d19000-7fabf6d1d000 r--s 0004c000 08:08 8130040                    /home/aniss/.m2/repository/com/fasterxml/jackson/core/jackson-core/2.9.8/jackson-core-2.9.8.jar
7fabf6d1d000-7fabf6d20000 r--s 0000e000 08:08 8130029                    /home/aniss/.m2/repository/com/fasterxml/jackson/core/jackson-annotations/2.9.0/jackson-annotations-2.9.0.jar
7fabf6d20000-7fabf6d32000 r--s 00137000 08:08 8130042                    /home/aniss/.m2/repository/com/fasterxml/jackson/core/jackson-databind/2.9.8/jackson-databind-2.9.8.jar
7fabf6d32000-7fabf6d33000 r--s 00000000 08:08 7997804                    /home/aniss/.m2/repository/org/springframework/boot/spring-boot-starter-json/2.1.4.RELEASE/spring-boot-starter-json-2.1.4.RELEASE.jar
7fabf6d33000-7fabf6d34000 r--s 00000000 08:08 7997795                    /home/aniss/.m2/repository/org/springframework/boot/spring-boot-starter-web/2.1.4.RELEASE/spring-boot-starter-web-2.1.4.RELEASE.jar
7fabf6d34000-7fabf6d35000 r--s 00009000 08:08 7997800                    /home/aniss/.m2/repository/org/thymeleaf/extras/thymeleaf-extras-java8time/3.0.4.RELEASE/thymeleaf-extras-java8time-3.0.4.RELEASE.jar
7fabf6d35000-7fabf6d38000 r--s 00028000 08:08 7997798                    /home/aniss/.m2/repository/org/unbescape/unbescape/1.1.6.RELEASE/unbescape-1.1.6.RELEASE.jar
7fabf6d38000-7fabf6d3d000 r--s 00037000 08:08 7997796                    /home/aniss/.m2/repository/org/attoparser/attoparser/2.0.5.RELEASE/attoparser-2.0.5.RELEASE.jar
7fabf6d3d000-7fabf6d4d000 r--s 000c5000 08:08 7997794                    /home/aniss/.m2/repository/org/thymeleaf/thymeleaf/3.0.11.RELEASE/thymeleaf-3.0.11.RELEASE.jar
7fabf6d4d000-7fabf6d52000 r--s 00027000 08:08 7997792                    /home/aniss/.m2/repository/org/thymeleaf/thymeleaf-spring5/3.0.11.RELEASE/thymeleaf-spring5-3.0.11.RELEASE.jar
7fabf6d52000-7fabf6d53000 r--s 00000000 08:08 7997790                    /home/aniss/.m2/repository/org/springframework/boot/spring-boot-starter-thymeleaf/2.1.4.RELEASE/spring-boot-starter-thymeleaf-2.1.4.RELEASE.jar
7fabf6d53000-7fabf6d58000 r--s 00040000 08:08 7738547                    /home/aniss/.m2/repository/org/springframework/spring-expression/5.1.6.RELEASE/spring-expression-5.1.6.RELEASE.jar
7fabf6d58000-7fabf6d67000 r--s 00075000 08:08 7614594                    /home/aniss/.m2/repository/org/springframework/security/spring-security-web/5.1.5.RELEASE/spring-security-web-5.1.5.RELEASE.jar
7fabf6d67000-7fabf6d74000 r--s 000b2000 08:08 7614586                    /home/aniss/.m2/repository/org/springframework/security/spring-security-config/5.1.5.RELEASE/spring-security-config-5.1.5.RELEASE.jar
7fabf6d74000-7fabf6d7e000 r--s 00051000 08:08 7738522                    /home/aniss/.m2/repository/org/springframework/spring-aop/5.1.6.RELEASE/spring-aop-5.1.6.RELEASE.jar
7fabf6d7e000-7fabf6d85000 r--s 00043000 08:08 7738549                    /home/aniss/.m2/repository/org/yaml/snakeyaml/1.23/snakeyaml-1.23.jar
7fabf6d85000-7fabf6d87000 r--s 00005000 08:08 7738521                    /home/aniss/.m2/repository/javax/annotation/javax.annotation-api/1.3.2/javax.annotation-api-1.3.2.jar
7fabf6d87000-7fabf6d89000 r--s 00000000 08:08 7086558                    /home/aniss/.m2/repository/org/slf4j/jul-to-slf4j/1.7.26/jul-to-slf4j-1.7.26.jar
7fabf6d89000-7fabf6d8f000 r--s 0003c000 08:08 7086557                    /home/aniss/.m2/repository/org/apache/logging/log4j/log4j-api/2.11.2/log4j-api-2.11.2.jar
7fabf6d8f000-7fabf6d91000 r--s 00003000 08:08 7086552                    /home/aniss/.m2/repository/org/apache/logging/log4j/log4j-to-slf4j/2.11.2/log4j-to-slf4j-2.11.2.jar
7fabf6d91000-7fabf6d9c000 r--s 00069000 08:08 5906095                    /home/aniss/.m2/repository/ch/qos/logback/logback-core/1.2.3/logback-core-1.2.3.jar
7fabf6d9c000-7fabf6da2000 r--s 00041000 08:08 5906093                    /home/aniss/.m2/repository/ch/qos/logback/logback-classic/1.2.3/logback-classic-1.2.3.jar
7fabf6da2000-7fabf6da3000 r--s 00000000 08:08 7738541                    /home/aniss/.m2/repository/org/springframework/boot/spring-boot-starter-logging/2.1.4.RELEASE/spring-boot-starter-logging-2.1.4.RELEASE.jar
7fabf6da3000-7fabf6da4000 r--s 00000000 08:08 7614509                    /home/aniss/.m2/repository/org/springframework/boot/spring-boot-starter/2.1.4.RELEASE/spring-boot-starter-2.1.4.RELEASE.jar
7fabf6da4000-7fabf6da5000 r--s 00000000 08:08 7344782                    /home/aniss/.m2/repository/org/springframework/boot/spring-boot-starter-security/2.1.4.RELEASE/spring-boot-starter-security-2.1.4.RELEASE.jar
7fabf6da5000-7fabf6daf000 r--s 000c0000 08:08 4462735                    /home/aniss/.m2/repository/org/postgresql/postgresql/42.2.5/postgresql-42.2.5.jar
7fabf6daf000-7fabf6dd3000 r--s 00111000 08:08 7738520                    /home/aniss/.m2/repository/org/springframework/boot/spring-boot-autoconfigure/2.1.4.RELEASE/spring-boot-autoconfigure-2.1.4.RELEASE.jar
7fabf6dd3000-7fabf6de8000 r--s 000d4000 08:08 7614504                    /home/aniss/.m2/repository/org/springframework/boot/spring-boot/2.1.4.RELEASE/spring-boot-2.1.4.RELEASE.jar
7fabf6de8000-7fabf6dee000 r--s 0002e000 08:08 8261493                    /home/aniss/.m2/repository/org/springframework/boot/spring-boot-devtools/2.1.4.RELEASE/spring-boot-devtools-2.1.4.RELEASE.jar
7fabf6dee000-7fabf6df0000 r--s 0000a000 08:08 7997788                    /home/aniss/.m2/repository/org/springframework/spring-aspects/5.1.6.RELEASE/spring-aspects-5.1.6.RELEASE.jar
7fabf6df0000-7fabf6df2000 r--s 00009000 08:08 7086563                    /home/aniss/.m2/repository/org/slf4j/slf4j-api/1.7.26/slf4j-api-1.7.26.jar
7fabf6df2000-7fabf6dff000 r--s 00098000 08:08 7738551                    /home/aniss/.m2/repository/org/springframework/spring-beans/5.1.6.RELEASE/spring-beans-5.1.6.RELEASE.jar
7fabf6dff000-7fabf6e07000 r--s 00037000 08:08 7738545                    /home/aniss/.m2/repository/org/springframework/spring-tx/5.1.6.RELEASE/spring-tx-5.1.6.RELEASE.jar
7fabf6e07000-7fabf6e21000 r--s 000f3000 08:08 7738526                    /home/aniss/.m2/repository/org/springframework/spring-context/5.1.6.RELEASE/spring-context-5.1.6.RELEASE.jar
7fabf6e21000-7fabf6e25000 r--s 0002d000 08:08 7997786                    /home/aniss/.m2/repository/org/springframework/spring-orm/5.1.6.RELEASE/spring-orm-5.1.6.RELEASE.jar
7fabf6e25000-7fabf6e3d000 r--s 00106000 08:08 7997784                    /home/aniss/.m2/repository/org/springframework/data/spring-data-commons/2.1.6.RELEASE/spring-data-commons-2.1.6.RELEASE.jar
7fabf6e3d000-7fabf6e45000 r--s 0004f000 08:08 7997782                    /home/aniss/.m2/repository/org/springframework/data/spring-data-jpa/2.1.6.RELEASE/spring-data-jpa-2.1.6.RELEASE.jar
7fabf6e45000-7fabf6e48000 r--s 00010000 08:08 7997780                    /home/aniss/.m2/repository/org/hibernate/common/hibernate-commons-annotations/5.0.4.Final/hibernate-commons-annotations-5.0.4.Final.jar
7fabf6e48000-7fabf6e4d000 r--s 0004b000 08:08 7997778                    /home/aniss/.m2/repository/org/dom4j/dom4j/2.1.1/dom4j-2.1.1.jar
7fabf6e4d000-7fabf6e4f000 r--s 0000f000 08:08 5906097                    /home/aniss/.m2/repository/com/fasterxml/classmate/1.4.0/classmate-1.4.0.jar
7fabf6e4f000-7fabf6e54000 r--s 00068000 08:08 8261451                    /home/aniss/.m2/repository/antlr/antlr/2.7.7/antlr-2.7.7.jar
7fabf6e54000-7fabf6e9b000 r--s 002da000 08:08 7873621                    /home/aniss/.m2/repository/net/bytebuddy/byte-buddy/1.9.12/byte-buddy-1.9.12.jar
7fabf6e9b000-7fabf6ea6000 r--s 000b2000 08:08 7086477                    /home/aniss/.m2/repository/org/javassist/javassist/3.23.1-GA/javassist-3.23.1-GA.jar
7fabf6ea6000-7fabf6f29000 r--s 00626000 08:08 7873610                    /home/aniss/.m2/repository/org/hibernate/hibernate-core/5.3.9.Final/hibernate-core-5.3.9.Final.jar
7fabf6f29000-7fabf6f2c000 ---p 00000000 00:00 0 
7fabf6f2c000-7fabf702a000 rw-p 00000000 00:00 0 
7fabf702a000-7fabf79fa000 r--p 00000000 08:06 7416                       /usr/lib/locale/locale-archive
7fabf79fa000-7fabf79fd000 ---p 00000000 00:00 0 
7fabf79fd000-7fabf7afb000 rw-p 00000000 00:00 0 
7fabf7afb000-7fabf7afe000 ---p 00000000 00:00 0 
7fabf7afe000-7fabf7bfc000 rw-p 00000000 00:00 0 
7fabf7bfc000-7fabf7bfd000 ---p 00000000 00:00 0 
7fabf7bfd000-7fabf8000000 rw-p 00000000 00:00 0 
7fabf8000000-7fabf8021000 rw-p 00000000 00:00 0 
7fabf8021000-7fabfc000000 ---p 00000000 00:00 0 
7fabfc000000-7fabfc021000 rw-p 00000000 00:00 0 
7fabfc021000-7fac00000000 ---p 00000000 00:00 0 
7fac00000000-7fac00021000 rw-p 00000000 00:00 0 
7fac00021000-7fac04000000 ---p 00000000 00:00 0 
7fac04000000-7fac04003000 r--s 0002b000 08:08 7873619                    /home/aniss/.m2/repository/org/jboss/jandex/2.0.5.Final/jandex-2.0.5.Final.jar
7fac04003000-7fac04009000 r--s 00023000 08:08 7873614                    /home/aniss/.m2/repository/javax/persistence/javax.persistence-api/2.2/javax.persistence-api-2.2.jar
7fac04009000-7fac0400b000 r--s 0000f000 08:08 7873613                    /home/aniss/.m2/repository/org/jboss/logging/jboss-logging/3.3.2.Final/jboss-logging-3.3.2.Final.jar
7fac0400b000-7fac0400d000 r--s 0000c000 08:08 7738537                    /home/aniss/.m2/repository/javax/activation/javax.activation-api/1.2.0/javax.activation-api-1.2.0.jar
7fac0400d000-7fac04011000 r--s 0001c000 08:08 7738533                    /home/aniss/.m2/repository/javax/xml/bind/jaxb-api/2.3.1/jaxb-api-2.3.1.jar
7fac04011000-7fac04012000 r--s 00006000 08:08 7738531                    /home/aniss/.m2/repository/javax/transaction/javax.transaction-api/1.3/javax.transaction-api-1.3.jar
7fac04012000-7fac0401b000 r--s 0005a000 08:08 7738539                    /home/aniss/.m2/repository/org/springframework/spring-jdbc/5.1.6.RELEASE/spring-jdbc-5.1.6.RELEASE.jar
7fac0401b000-7fac0401f000 r--s 00020000 08:08 7738525                    /home/aniss/.m2/repository/com/zaxxer/HikariCP/3.2.0/HikariCP-3.2.0.jar
7fac0401f000-7fac04038000 r--s 001de000 08:08 7738519                    /home/aniss/.m2/repository/org/aspectj/aspectjweaver/1.9.2/aspectjweaver-1.9.2.jar
7fac04038000-7fac04050000 r--s 001f2000 08:08 3940159                    /home/aniss/Téléchargements/mysql-connector-java-8.0.15/mysql-connector-java-8.0.15.jar
7fac04050000-7fac04063000 r--s 00345000 08:06 671966                     /usr/lib/jvm/java-8-oracle/jre/lib/resources.jar
7fac04063000-7fac04076000 r--s 000d6000 08:06 671870                     /usr/lib/jvm/java-8-oracle/jre/lib/plugin.jar
7fac04076000-7fac09000000 rw-p 00000000 00:00 0 
7fac09000000-7fac09d50000 rwxp 00000000 00:00 0 
7fac09d50000-7fac18000000 ---p 00000000 00:00 0 
7fac18000000-7fac18a46000 rw-p 00000000 00:00 0 
7fac18a46000-7fac1c000000 ---p 00000000 00:00 0 
7fac1c000000-7fac1c001000 r--s 00000000 08:08 7738523                    /home/aniss/.m2/repository/org/springframework/boot/spring-boot-starter-jdbc/2.1.4.RELEASE/spring-boot-starter-jdbc-2.1.4.RELEASE.jar
7fac1c001000-7fac1c01c000 r--s 0020c000 08:06 671846                     /usr/lib/jvm/java-8-oracle/jre/lib/deploy.jar
7fac1c01c000-7fac1c21e000 rw-p 00000000 00:00 0 
7fac1c21e000-7fac1c3f8000 r--s 03d6f000 08:06 671928                     /usr/lib/jvm/java-8-oracle/jre/lib/rt.jar
7fac1c3f8000-7fac1c846000 rw-p 00000000 00:00 0 
7fac1c846000-7fac1c847000 ---p 00000000 00:00 0 
7fac1c847000-7fac1c947000 rw-p 00000000 00:00 0 
7fac1c947000-7fac1c948000 ---p 00000000 00:00 0 
7fac1c948000-7fac1ca48000 rw-p 00000000 00:00 0 
7fac1ca48000-7fac1ca49000 ---p 00000000 00:00 0 
7fac1ca49000-7fac1cb49000 rw-p 00000000 00:00 0 
7fac1cb49000-7fac1cb4a000 ---p 00000000 00:00 0 
7fac1cb4a000-7fac1cc8d000 rw-p 00000000 00:00 0 
7fac1cc8d000-7fac1ceda000 ---p 00000000 00:00 0 
7fac1ceda000-7fac1cf1d000 rw-p 00000000 00:00 0 
7fac1cf1d000-7fac1d16a000 ---p 00000000 00:00 0 
7fac1d16a000-7fac1d182000 rw-p 00000000 00:00 0 
7fac1d182000-7fac1d2b2000 ---p 00000000 00:00 0 
7fac1d2b2000-7fac1d2e9000 rw-p 00000000 00:00 0 
7fac1d2e9000-7fac1d673000 ---p 00000000 00:00 0 
7fac1d673000-7fac1d68e000 r-xp 00000000 08:06 672141                     /usr/lib/jvm/java-8-oracle/jre/lib/amd64/libzip.so
7fac1d68e000-7fac1d88d000 ---p 0001b000 08:06 672141                     /usr/lib/jvm/java-8-oracle/jre/lib/amd64/libzip.so
7fac1d88d000-7fac1d88e000 r--p 0001a000 08:06 672141                     /usr/lib/jvm/java-8-oracle/jre/lib/amd64/libzip.so
7fac1d88e000-7fac1d88f000 rw-p 0001b000 08:06 672141                     /usr/lib/jvm/java-8-oracle/jre/lib/amd64/libzip.so
7fac1d88f000-7fac1d89a000 r-xp 00000000 08:06 1575769                    /lib/x86_64-linux-gnu/libnss_files-2.27.so
7fac1d89a000-7fac1da99000 ---p 0000b000 08:06 1575769                    /lib/x86_64-linux-gnu/libnss_files-2.27.so
7fac1da99000-7fac1da9a000 r--p 0000a000 08:06 1575769                    /lib/x86_64-linux-gnu/libnss_files-2.27.so
7fac1da9a000-7fac1da9b000 rw-p 0000b000 08:06 1575769                    /lib/x86_64-linux-gnu/libnss_files-2.27.so
7fac1da9b000-7fac1daa1000 rw-p 00000000 00:00 0 
7fac1daa1000-7fac1dab8000 r-xp 00000000 08:06 1575763                    /lib/x86_64-linux-gnu/libnsl-2.27.so
7fac1dab8000-7fac1dcb7000 ---p 00017000 08:06 1575763                    /lib/x86_64-linux-gnu/libnsl-2.27.so
7fac1dcb7000-7fac1dcb8000 r--p 00016000 08:06 1575763                    /lib/x86_64-linux-gnu/libnsl-2.27.so
7fac1dcb8000-7fac1dcb9000 rw-p 00017000 08:06 1575763                    /lib/x86_64-linux-gnu/libnsl-2.27.so
7fac1dcb9000-7fac1dcbb000 rw-p 00000000 00:00 0 
7fac1dcbb000-7fac1dcc6000 r-xp 00000000 08:06 1575780                    /lib/x86_64-linux-gnu/libnss_nis-2.27.so
7fac1dcc6000-7fac1dec5000 ---p 0000b000 08:06 1575780                    /lib/x86_64-linux-gnu/libnss_nis-2.27.so
7fac1dec5000-7fac1dec6000 r--p 0000a000 08:06 1575780                    /lib/x86_64-linux-gnu/libnss_nis-2.27.so
7fac1dec6000-7fac1dec7000 rw-p 0000b000 08:06 1575780                    /lib/x86_64-linux-gnu/libnss_nis-2.27.so
7fac1dec7000-7fac1decf000 r-xp 00000000 08:06 1575765                    /lib/x86_64-linux-gnu/libnss_compat-2.27.so
7fac1decf000-7fac1e0cf000 ---p 00008000 08:06 1575765                    /lib/x86_64-linux-gnu/libnss_compat-2.27.so
7fac1e0cf000-7fac1e0d0000 r--p 00008000 08:06 1575765                    /lib/x86_64-linux-gnu/libnss_compat-2.27.so
7fac1e0d0000-7fac1e0d1000 rw-p 00009000 08:06 1575765                    /lib/x86_64-linux-gnu/libnss_compat-2.27.so
7fac1e0d1000-7fac1e0db000 r-xp 00000000 08:06 672150                     /usr/lib/jvm/java-8-oracle/jre/lib/amd64/libinstrument.so
7fac1e0db000-7fac1e2da000 ---p 0000a000 08:06 672150                     /usr/lib/jvm/java-8-oracle/jre/lib/amd64/libinstrument.so
7fac1e2da000-7fac1e2db000 r--p 00009000 08:06 672150                     /usr/lib/jvm/java-8-oracle/jre/lib/amd64/libinstrument.so
7fac1e2db000-7fac1e2dc000 rw-p 0000a000 08:06 672150                     /usr/lib/jvm/java-8-oracle/jre/lib/amd64/libinstrument.so
7fac1e2dc000-7fac1e308000 r-xp 00000000 08:06 672135                     /usr/lib/jvm/java-8-oracle/jre/lib/amd64/libjava.so
7fac1e308000-7fac1e508000 ---p 0002c000 08:06 672135                     /usr/lib/jvm/java-8-oracle/jre/lib/amd64/libjava.so
7fac1e508000-7fac1e509000 r--p 0002c000 08:06 672135                     /usr/lib/jvm/java-8-oracle/jre/lib/amd64/libjava.so
7fac1e509000-7fac1e50b000 rw-p 0002d000 08:06 672135                     /usr/lib/jvm/java-8-oracle/jre/lib/amd64/libjava.so
7fac1e50b000-7fac1e518000 r-xp 00000000 08:06 672140                     /usr/lib/jvm/java-8-oracle/jre/lib/amd64/libverify.so
7fac1e518000-7fac1e717000 ---p 0000d000 08:06 672140                     /usr/lib/jvm/java-8-oracle/jre/lib/amd64/libverify.so
7fac1e717000-7fac1e719000 r--p 0000c000 08:06 672140                     /usr/lib/jvm/java-8-oracle/jre/lib/amd64/libverify.so
7fac1e719000-7fac1e71a000 rw-p 0000e000 08:06 672140                     /usr/lib/jvm/java-8-oracle/jre/lib/amd64/libverify.so
7fac1e71a000-7fac1e721000 r-xp 00000000 08:06 1575820                    /lib/x86_64-linux-gnu/librt-2.27.so
7fac1e721000-7fac1e920000 ---p 00007000 08:06 1575820                    /lib/x86_64-linux-gnu/librt-2.27.so
7fac1e920000-7fac1e921000 r--p 00006000 08:06 1575820                    /lib/x86_64-linux-gnu/librt-2.27.so
7fac1e921000-7fac1e922000 rw-p 00007000 08:06 1575820                    /lib/x86_64-linux-gnu/librt-2.27.so
7fac1e922000-7fac1eabf000 r-xp 00000000 08:06 1575742                    /lib/x86_64-linux-gnu/libm-2.27.so
7fac1eabf000-7fac1ecbe000 ---p 0019d000 08:06 1575742                    /lib/x86_64-linux-gnu/libm-2.27.so
7fac1ecbe000-7fac1ecbf000 r--p 0019c000 08:06 1575742                    /lib/x86_64-linux-gnu/libm-2.27.so
7fac1ecbf000-7fac1ecc0000 rw-p 0019d000 08:06 1575742                    /lib/x86_64-linux-gnu/libm-2.27.so
7fac1ecc0000-7fac1f9a8000 r-xp 00000000 08:06 672117                     /usr/lib/jvm/java-8-oracle/jre/lib/amd64/server/libjvm.so
7fac1f9a8000-7fac1fba7000 ---p 00ce8000 08:06 672117                     /usr/lib/jvm/java-8-oracle/jre/lib/amd64/server/libjvm.so
7fac1fba7000-7fac1fc3d000 r--p 00ce7000 08:06 672117                     /usr/lib/jvm/java-8-oracle/jre/lib/amd64/server/libjvm.so
7fac1fc3d000-7fac1fc6e000 rw-p 00d7d000 08:06 672117                     /usr/lib/jvm/java-8-oracle/jre/lib/amd64/server/libjvm.so
7fac1fc6e000-7fac1fca9000 rw-p 00000000 00:00 0 
7fac1fca9000-7fac1fe90000 r-xp 00000000 08:06 1575679                    /lib/x86_64-linux-gnu/libc-2.27.so
7fac1fe90000-7fac20090000 ---p 001e7000 08:06 1575679                    /lib/x86_64-linux-gnu/libc-2.27.so
7fac20090000-7fac20094000 r--p 001e7000 08:06 1575679                    /lib/x86_64-linux-gnu/libc-2.27.so
7fac20094000-7fac20096000 rw-p 001eb000 08:06 1575679                    /lib/x86_64-linux-gnu/libc-2.27.so
7fac20096000-7fac2009a000 rw-p 00000000 00:00 0 
7fac2009a000-7fac2009d000 r-xp 00000000 08:06 1575702                    /lib/x86_64-linux-gnu/libdl-2.27.so
7fac2009d000-7fac2029c000 ---p 00003000 08:06 1575702                    /lib/x86_64-linux-gnu/libdl-2.27.so
7fac2029c000-7fac2029d000 r--p 00002000 08:06 1575702                    /lib/x86_64-linux-gnu/libdl-2.27.so
7fac2029d000-7fac2029e000 rw-p 00003000 08:06 1575702                    /lib/x86_64-linux-gnu/libdl-2.27.so
7fac2029e000-7fac202b5000 r-xp 00000000 08:06 20476                      /usr/lib/jvm/java-8-oracle/lib/amd64/jli/libjli.so
7fac202b5000-7fac204b4000 ---p 00017000 08:06 20476                      /usr/lib/jvm/java-8-oracle/lib/amd64/jli/libjli.so
7fac204b4000-7fac204b5000 r--p 00016000 08:06 20476                      /usr/lib/jvm/java-8-oracle/lib/amd64/jli/libjli.so
7fac204b5000-7fac204b6000 rw-p 00017000 08:06 20476                      /usr/lib/jvm/java-8-oracle/lib/amd64/jli/libjli.so
7fac204b6000-7fac204d0000 r-xp 00000000 08:06 1575812                    /lib/x86_64-linux-gnu/libpthread-2.27.so
7fac204d0000-7fac206cf000 ---p 0001a000 08:06 1575812                    /lib/x86_64-linux-gnu/libpthread-2.27.so
7fac206cf000-7fac206d0000 r--p 00019000 08:06 1575812                    /lib/x86_64-linux-gnu/libpthread-2.27.so
7fac206d0000-7fac206d1000 rw-p 0001a000 08:06 1575812                    /lib/x86_64-linux-gnu/libpthread-2.27.so
7fac206d1000-7fac206d5000 rw-p 00000000 00:00 0 
7fac206d5000-7fac206fc000 r-xp 00000000 08:06 1575651                    /lib/x86_64-linux-gnu/ld-2.27.so
7fac206fc000-7fac206fd000 r--s 00000000 08:08 7614500                    /home/aniss/.m2/repository/org/springframework/boot/spring-boot-starter-aop/2.1.4.RELEASE/spring-boot-starter-aop-2.1.4.RELEASE.jar
7fac206fd000-7fac20701000 r--s 000a1000 08:06 671985                     /usr/lib/jvm/java-8-oracle/jre/lib/jsse.jar
7fac20701000-7fac20706000 r--s 00084000 08:06 671845                     /usr/lib/jvm/java-8-oracle/jre/lib/jfr.jar
7fac20706000-7fac20710000 r--s 0006e000 08:06 671855                     /usr/lib/jvm/java-8-oracle/jre/lib/javaws.jar
7fac20710000-7fac207e1000 rw-p 00000000 00:00 0 
7fac207e1000-7fac207e2000 ---p 00000000 00:00 0 
7fac207e2000-7fac207e5000 ---p 00000000 00:00 0 
7fac207e5000-7fac208e6000 rw-p 00000000 00:00 0 
7fac208e6000-7fac208e7000 r--s 00000000 08:08 7614502                    /home/aniss/.m2/repository/org/springframework/boot/spring-boot-starter-data-jpa/2.1.4.RELEASE/spring-boot-starter-data-jpa-2.1.4.RELEASE.jar
7fac208e7000-7fac208e8000 r--s 00000000 08:06 671852                     /usr/lib/jvm/java-8-oracle/jre/lib/management-agent.jar
7fac208e8000-7fac208ea000 r--s 00007000 08:06 672163                     /usr/lib/jvm/java-8-oracle/jre/lib/jfxswt.jar
7fac208ea000-7fac208ed000 r--s 0001a000 08:06 672161                     /usr/lib/jvm/java-8-oracle/jre/lib/jce.jar
7fac208ed000-7fac208f2000 r--s 002f9000 08:06 671926                     /usr/lib/jvm/java-8-oracle/jre/lib/charsets.jar
7fac208f2000-7fac208fa000 rw-s 00000000 08:06 422498                     /tmp/hsperfdata_aniss/9465
7fac208fa000-7fac208fb000 rw-p 00000000 00:00 0 
7fac208fb000-7fac208fc000 r--p 00000000 00:00 0 
7fac208fc000-7fac208fd000 r--p 00027000 08:06 1575651                    /lib/x86_64-linux-gnu/ld-2.27.so
7fac208fd000-7fac208fe000 rw-p 00028000 08:06 1575651                    /lib/x86_64-linux-gnu/ld-2.27.so
7fac208fe000-7fac208ff000 rw-p 00000000 00:00 0 
7ffed75b3000-7ffed75d6000 rw-p 00000000 00:00 0                          [stack]
7ffed75f5000-7ffed75f8000 r--p 00000000 00:00 0                          [vvar]
7ffed75f8000-7ffed75fa000 r-xp 00000000 00:00 0                          [vdso]
ffffffffff600000-ffffffffff601000 r-xp 00000000 00:00 0                  [vsyscall]

VM Arguments:
jvm_args: -XX:TieredStopAtLevel=1 -Xverify:none -Dspring.output.ansi.enabled=always -Dcom.sun.management.jmxremote -Dspring.liveBeansView.mbeanDomain -Dspring.application.admin.enabled=true -javaagent:/home/aniss/.local/share/JetBrains/Toolbox/apps/IDEA-U/ch-0/183.5912.21/lib/idea_rt.jar=33687:/home/aniss/.local/share/JetBrains/Toolbox/apps/IDEA-U/ch-0/183.5912.21/bin -Dfile.encoding=UTF-8 
java_command: com.projet.ProjetJeeApplication
java_class_path (initial): /usr/lib/jvm/java-8-oracle/jre/lib/charsets.jar:/usr/lib/jvm/java-8-oracle/jre/lib/deploy.jar:/usr/lib/jvm/java-8-oracle/jre/lib/ext/cldrdata.jar:/usr/lib/jvm/java-8-oracle/jre/lib/ext/dnsns.jar:/usr/lib/jvm/java-8-oracle/jre/lib/ext/jaccess.jar:/usr/lib/jvm/java-8-oracle/jre/lib/ext/jfxrt.jar:/usr/lib/jvm/java-8-oracle/jre/lib/ext/localedata.jar:/usr/lib/jvm/java-8-oracle/jre/lib/ext/nashorn.jar:/usr/lib/jvm/java-8-oracle/jre/lib/ext/sunec.jar:/usr/lib/jvm/java-8-oracle/jre/lib/ext/sunjce_provider.jar:/usr/lib/jvm/java-8-oracle/jre/lib/ext/sunpkcs11.jar:/usr/lib/jvm/java-8-oracle/jre/lib/ext/zipfs.jar:/usr/lib/jvm/java-8-oracle/jre/lib/javaws.jar:/usr/lib/jvm/java-8-oracle/jre/lib/jce.jar:/usr/lib/jvm/java-8-oracle/jre/lib/jfr.jar:/usr/lib/jvm/java-8-oracle/jre/lib/jfxswt.jar:/usr/lib/jvm/java-8-oracle/jre/lib/jsse.jar:/usr/lib/jvm/java-8-oracle/jre/lib/management-agent.jar:/usr/lib/jvm/java-8-oracle/jre/lib/plugin.jar:/usr/lib/jvm/java-8-oracle/jre/lib/resources.jar:/usr/lib/jvm/java-8-oracle/jre/lib/rt.jar:/home/aniss/Téléchargements/mysql-connector-java-8.0.15/mysql-connector-java-8.0.15.jar:/home/aniss/Bureau/ouail/Spring_Project/target/classes:/home/aniss/.m2/repository/org/springframework/boot/spring-boot-starter-data-jpa/2.1.4.RELEASE/spring-boot-starter-data-jpa-2.1.4.RELEASE.jar:/home/aniss/.m2/repository/org/springframework/boot/spring-boot-starter-aop/2.1.4.RELEASE/spring-boot-starter-aop-2.1.4.RELEASE.jar:/home/aniss/.m2/repository/org/aspectj/aspectjweaver/1.9.2/aspectjweaver-1.9.2.jar:/home/aniss/.m2/repository/org/springframework/boot/spring-boot-starter-jdbc/2.1.4.RELEASE/spring-boot-starter-jdbc-2.1.4.RELEASE.jar:/home/aniss/.m2/repository/com/zaxxer/HikariCP/3.2.0/HikariCP-3.2.0.jar:/home/aniss/.m2/repository/org/springframework/spring-jdbc/5.1.6.RELEASE/spring-jdbc-5.1.6.RELEASE.jar:/home/aniss/.m2/repository/javax/transaction/javax.transaction-api/1.3/javax.transaction-api-1.3.jar:/home/aniss/.m2/repository/javax/x
Launcher Type: SUN_STANDARD

Environment Variables:
JAVA_HOME=/usr/lib/jvm/java-8-oracle
PATH=/usr/local/sbin:/usr/local/bin:/usr/sbin:/usr/bin:/sbin:/bin:/usr/games:/usr/local/games:/snap/bin:/usr/lib/jvm/java-8-oracle/bin:/usr/lib/jvm/java-8-oracle/db/bin:/usr/lib/jvm/java-8-oracle/jre/bin
USERNAME=aniss
SHELL=/bin/bash
DISPLAY=:0

Signal Handlers:
SIGSEGV: [libjvm.so+0xad3e60], sa_mask[0]=11111111011111111101111111111110, sa_flags=SA_RESTART|SA_SIGINFO
SIGBUS: [libjvm.so+0xad3e60], sa_mask[0]=11111111011111111101111111111110, sa_flags=SA_RESTART|SA_SIGINFO
SIGFPE: [libjvm.so+0x90b880], sa_mask[0]=11111111011111111101111111111110, sa_flags=SA_RESTART|SA_SIGINFO
SIGPIPE: [libjvm.so+0x90b880], sa_mask[0]=11111111011111111101111111111110, sa_flags=SA_RESTART|SA_SIGINFO
SIGXFSZ: [libjvm.so+0x90b880], sa_mask[0]=11111111011111111101111111111110, sa_flags=SA_RESTART|SA_SIGINFO
SIGILL: [libjvm.so+0x90b880], sa_mask[0]=11111111011111111101111111111110, sa_flags=SA_RESTART|SA_SIGINFO
SIGUSR1: SIG_DFL, sa_mask[0]=00000000000000000000000000000000, sa_flags=none
SIGUSR2: [libjvm.so+0x90b750], sa_mask[0]=00100000000000000000000000000000, sa_flags=SA_RESTART|SA_SIGINFO
SIGHUP: [libjvm.so+0x90bd70], sa_mask[0]=11111111011111111101111111111110, sa_flags=SA_RESTART|SA_SIGINFO
SIGINT: [libjvm.so+0x90bd70], sa_mask[0]=11111111011111111101111111111110, sa_flags=SA_RESTART|SA_SIGINFO
SIGTERM: [libjvm.so+0x90bd70], sa_mask[0]=11111111011111111101111111111110, sa_flags=SA_RESTART|SA_SIGINFO
SIGQUIT: [libjvm.so+0x90bd70], sa_mask[0]=11111111011111111101111111111110, sa_flags=SA_RESTART|SA_SIGINFO


---------------  S Y S T E M  ---------------

OS:DISTRIB_ID=Ubuntu
DISTRIB_RELEASE=18.04
DISTRIB_CODENAME=bionic
DISTRIB_DESCRIPTION="Ubuntu 18.04.2 LTS"

uname:Linux 4.15.0-46-generic #49-Ubuntu SMP Wed Feb 6 09:33:07 UTC 2019 x86_64
libc:glibc 2.27 NPTL 2.27 
rlimit: STACK 8192k, CORE 0k, NPROC 31102, NOFILE 1048576, AS infinity
load average:1,87 1,95 1,81

/proc/meminfo:
MemTotal:        8057056 kB
MemFree:          840312 kB
MemAvailable:    3116348 kB
Buffers:          240868 kB
Cached:          2551288 kB
SwapCached:            0 kB
Active:          5155904 kB
Inactive:        1640128 kB
Active(anon):    3938264 kB
Inactive(anon):   448184 kB
Active(file):    1217640 kB
Inactive(file):  1191944 kB
Unevictable:          16 kB
Mlocked:              16 kB
SwapTotal:      15625212 kB
SwapFree:       15625212 kB
Dirty:              4780 kB
Writeback:             0 kB
AnonPages:       4003880 kB
Mapped:           717320 kB
Shmem:            382580 kB
Slab:             244228 kB
SReclaimable:     176344 kB
SUnreclaim:        67884 kB
KernelStack:       16080 kB
PageTables:        68684 kB
NFS_Unstable:          0 kB
Bounce:                0 kB
WritebackTmp:          0 kB
CommitLimit:    19653740 kB
Committed_AS:   10379828 kB
VmallocTotal:   34359738367 kB
VmallocUsed:           0 kB
VmallocChunk:          0 kB
HardwareCorrupted:     0 kB
AnonHugePages:         0 kB
ShmemHugePages:        0 kB
ShmemPmdMapped:        0 kB
CmaTotal:              0 kB
CmaFree:               0 kB
HugePages_Total:       0
HugePages_Free:        0
HugePages_Rsvd:        0
HugePages_Surp:        0
Hugepagesize:       2048 kB
DirectMap4k:      271760 kB
DirectMap2M:     8005632 kB
DirectMap1G:           0 kB

container (cgroup) information:
container_type: cgroupv1
cpu_cpuset_cpus: 0-3
cpu_memory_nodes: 0
active_processor_count: 4
cpu_quota: -1
cpu_period: 100000
cpu_shares: -1
memory_limit_in_bytes: -1
memory_and_swap_limit_in_bytes: -2
memory_soft_limit_in_bytes: -1
memory_usage_in_bytes: 6959443968
memory_max_usage_in_bytes: 0


CPU:total 4 (initial active 4) (2 cores per cpu, 2 threads per core) family 6 model 78 stepping 3, cmov, cx8, fxsr, mmx, sse, sse2, sse3, ssse3, sse4.1, sse4.2, popcnt, avx, avx2, aes, clmul, erms, 3dnowpref, lzcnt, ht, tsc, tscinvbit, bmi1, bmi2, adx

/proc/cpuinfo:
processor	: 0
vendor_id	: GenuineIntel
cpu family	: 6
model		: 78
model name	: Intel(R) Core(TM) i7-6500U CPU @ 2.50GHz
stepping	: 3
microcode	: 0xc6
cpu MHz		: 2338.244
cache size	: 4096 KB
physical id	: 0
siblings	: 4
core id		: 0
cpu cores	: 2
apicid		: 0
initial apicid	: 0
fpu		: yes
fpu_exception	: yes
cpuid level	: 22
wp		: yes
flags		: fpu vme de pse tsc msr pae mce cx8 apic sep mtrr pge mca cmov pat pse36 clflush dts acpi mmx fxsr sse sse2 ss ht tm pbe syscall nx pdpe1gb rdtscp lm constant_tsc art arch_perfmon pebs bts rep_good nopl xtopology nonstop_tsc cpuid aperfmperf tsc_known_freq pni pclmulqdq dtes64 monitor ds_cpl vmx est tm2 ssse3 sdbg fma cx16 xtpr pdcm pcid sse4_1 sse4_2 x2apic movbe popcnt tsc_deadline_timer aes xsave avx f16c rdrand lahf_lm abm 3dnowprefetch cpuid_fault epb invpcid_single pti ssbd ibrs ibpb stibp tpr_shadow vnmi flexpriority ept vpid fsgsbase tsc_adjust bmi1 avx2 smep bmi2 erms invpcid mpx rdseed adx smap clflushopt intel_pt xsaveopt xsavec xgetbv1 xsaves dtherm ida arat pln pts hwp hwp_notify hwp_act_window hwp_epp flush_l1d
bugs		: cpu_meltdown spectre_v1 spectre_v2 spec_store_bypass l1tf
bogomips	: 5184.00
clflush size	: 64
cache_alignment	: 64
address sizes	: 39 bits physical, 48 bits virtual
power management:

processor	: 1
vendor_id	: GenuineIntel
cpu family	: 6
model		: 78
model name	: Intel(R) Core(TM) i7-6500U CPU @ 2.50GHz
stepping	: 3
microcode	: 0xc6
cpu MHz		: 2356.172
cache size	: 4096 KB
physical id	: 0
siblings	: 4
core id		: 1
cpu cores	: 2
apicid		: 2
initial apicid	: 2
fpu		: yes
fpu_exception	: yes
cpuid level	: 22
wp		: yes
flags		: fpu vme de pse tsc msr pae mce cx8 apic sep mtrr pge mca cmov pat pse36 clflush dts acpi mmx fxsr sse sse2 ss ht tm pbe syscall nx pdpe1gb rdtscp lm constant_tsc art arch_perfmon pebs bts rep_good nopl xtopology nonstop_tsc cpuid aperfmperf tsc_known_freq pni pclmulqdq dtes64 monitor ds_cpl vmx est tm2 ssse3 sdbg fma cx16 xtpr pdcm pcid sse4_1 sse4_2 x2apic movbe popcnt tsc_deadline_timer aes xsave avx f16c rdrand lahf_lm abm 3dnowprefetch cpuid_fault epb invpcid_single pti ssbd ibrs ibpb stibp tpr_shadow vnmi flexpriority ept vpid fsgsbase tsc_adjust bmi1 avx2 smep bmi2 erms invpcid mpx rdseed adx smap clflushopt intel_pt xsaveopt xsavec xgetbv1 xsaves dtherm ida arat pln pts hwp hwp_notify hwp_act_window hwp_epp flush_l1d
bugs		: cpu_meltdown spectre_v1 spectre_v2 spec_store_bypass l1tf
bogomips	: 5184.00
clflush size	: 64
cache_alignment	: 64
address sizes	: 39 bits physical, 48 bits virtual
power management:

processor	: 2
vendor_id	: GenuineIntel
cpu family	: 6
model		: 78
model name	: Intel(R) Core(TM) i7-6500U CPU @ 2.50GHz
stepping	: 3
microcode	: 0xc6
cpu MHz		: 2440.291
cache size	: 4096 KB
physical id	: 0
siblings	: 4
core id		: 0
cpu cores	: 2
apicid		: 1
initial apicid	: 1
fpu		: yes
fpu_exception	: yes
cpuid level	: 22
wp		: yes
flags		: fpu vme de pse tsc msr pae mce cx8 apic sep mtrr pge mca cmov pat pse36 clflush dts acpi mmx fxsr sse sse2 ss ht tm pbe syscall nx pdpe1gb rdtscp lm constant_tsc art arch_perfmon pebs bts rep_good nopl xtopology nonstop_tsc cpuid aperfmperf tsc_known_freq pni pclmulqdq dtes64 monitor ds_cpl vmx est tm2 ssse3 sdbg fma cx16 xtpr pdcm pcid sse4_1 sse4_2 x2apic movbe popcnt tsc_deadline_timer aes xsave avx f16c rdrand lahf_lm abm 3dnowprefetch cpuid_fault epb invpcid_single pti ssbd ibrs ibpb stibp tpr_shadow vnmi flexpriority ept vpid fsgsbase tsc_adjust bmi1 avx2 smep bmi2 erms invpcid mpx rdseed adx smap clflushopt intel_pt xsaveopt xsavec xgetbv1 xsaves dtherm ida arat pln pts hwp hwp_notify hwp_act_window hwp_epp flush_l1d
bugs		: cpu_meltdown spectre_v1 spectre_v2 spec_store_bypass l1tf
bogomips	: 5184.00
clflush size	: 64
cache_alignment	: 64
address sizes	: 39 bits physical, 48 bits virtual
power management:

processor	: 3
vendor_id	: GenuineIntel
cpu family	: 6
model		: 78
model name	: Intel(R) Core(TM) i7-6500U CPU @ 2.50GHz
stepping	: 3
microcode	: 0xc6
cpu MHz		: 2135.378
cache size	: 4096 KB
physical id	: 0
siblings	: 4
core id		: 1
cpu cores	: 2
apicid		: 3
initial apicid	: 3
fpu		: yes
fpu_exception	: yes
cpuid level	: 22
wp		: yes
flags		: fpu vme de pse tsc msr pae mce cx8 apic sep mtrr pge mca cmov pat pse36 clflush dts acpi mmx fxsr sse sse2 ss ht tm pbe syscall nx pdpe1gb rdtscp lm constant_tsc art arch_perfmon pebs bts rep_good nopl xtopology nonstop_tsc cpuid aperfmperf tsc_known_freq pni pclmulqdq dtes64 monitor ds_cpl vmx est tm2 ssse3 sdbg fma cx16 xtpr pdcm pcid sse4_1 sse4_2 x2apic movbe popcnt tsc_deadline_timer aes xsave avx f16c rdrand lahf_lm abm 3dnowprefetch cpuid_fault epb invpcid_single pti ssbd ibrs ibpb stibp tpr_shadow vnmi flexpriority ept vpid fsgsbase tsc_adjust bmi1 avx2 smep bmi2 erms invpcid mpx rdseed adx smap clflushopt intel_pt xsaveopt xsavec xgetbv1 xsaves dtherm ida arat pln pts hwp hwp_notify hwp_act_window hwp_epp flush_l1d
bugs		: cpu_meltdown spectre_v1 spectre_v2 spec_store_bypass l1tf
bogomips	: 5184.00
clflush size	: 64
cache_alignment	: 64
address sizes	: 39 bits physical, 48 bits virtual
power management:



Memory: 4k page, physical 8057056k(840312k free), swap 15625212k(15625212k free)

vm_info: Java HotSpot(TM) 64-Bit Server VM (25.201-b09) for linux-amd64 JRE (1.8.0_201-b09), built on Dec 15 2018 11:35:59 by "java_re" with gcc 7.3.0

time: Sat May 11 23:40:56 2019
timezone: +00
elapsed time: 2763 seconds (0d 0h 46m 3s)

